<?xml version="1.0" encoding="UTF-8"?>
<coverage generated="1711910582925" clover="3.2.0">
  <project timestamp="1711910582925" name="All files">
    <metrics statements="30" coveredstatements="24" conditionals="4" coveredconditionals="1" methods="12" coveredmethods="6" elements="46" coveredelements="31" complexity="0" loc="30" ncloc="30" packages="2" files="6" classes="6"/>
    <package name="components">
      <metrics statements="11" coveredstatements="10" conditionals="4" coveredconditionals="1" methods="5" coveredmethods="4"/>
      <file name="ContactUs.js" path="D:\Temp\NamasteReact\src\components\ContactUs.js">
        <metrics statements="2" coveredstatements="2" conditionals="0" coveredconditionals="0" methods="1" coveredmethods="1"/>
        <line num="3" count="1" type="stmt"/>
        <line num="4" count="4" type="stmt"/>
      </file>
      <file name="Header.js" path="D:\Temp\NamasteReact\src\components\Header.js">
        <metrics statements="9" coveredstatements="8" conditionals="4" coveredconditionals="1" methods="4" coveredmethods="3"/>
        <line num="7" count="1" type="stmt"/>
        <line num="9" count="1" type="stmt"/>
        <line num="11" count="1" type="stmt"/>
        <line num="13" count="2" type="stmt"/>
        <line num="15" count="1" type="stmt"/>
        <line num="17" count="1" type="stmt"/>
        <line num="18" count="1" type="stmt"/>
        <line num="20" count="1" type="stmt"/>
        <line num="40" count="0" type="cond" truecount="0" falsecount="2"/>
      </file>
    </package>
    <package name="utils">
      <metrics statements="19" coveredstatements="14" conditionals="0" coveredconditionals="0" methods="7" coveredmethods="2"/>
      <file name="appStore.js" path="D:\Temp\NamasteReact\src\utils\appStore.js">
        <metrics statements="1" coveredstatements="1" conditionals="0" coveredconditionals="0" methods="0" coveredmethods="0"/>
        <line num="4" count="1" type="stmt"/>
      </file>
      <file name="cardSlice.js" path="D:\Temp\NamasteReact\src\utils\cardSlice.js">
        <metrics statements="5" coveredstatements="2" conditionals="0" coveredconditionals="0" methods="3" coveredmethods="0"/>
        <line num="4" count="1" type="stmt"/>
        <line num="12" count="0" type="stmt"/>
        <line num="15" count="0" type="stmt"/>
        <line num="18" count="0" type="stmt"/>
        <line num="24" count="1" type="stmt"/>
      </file>
      <file name="constants.js" path="D:\Temp\NamasteReact\src\utils\constants.js">
        <metrics statements="5" coveredstatements="5" conditionals="0" coveredconditionals="0" methods="0" coveredmethods="0"/>
        <line num="1" count="1" type="stmt"/>
        <line num="1174" count="1" type="stmt"/>
        <line num="1176" count="1" type="stmt"/>
        <line num="1178" count="1" type="stmt"/>
        <line num="1180" count="1" type="stmt"/>
      </file>
      <file name="useOnlineStatus.js" path="D:\Temp\NamasteReact\src\utils\useOnlineStatus.js">
        <metrics statements="8" coveredstatements="6" conditionals="0" coveredconditionals="0" methods="4" coveredmethods="2"/>
        <line num="3" count="1" type="stmt"/>
        <line num="5" count="1" type="stmt"/>
        <line num="7" count="1" type="stmt"/>
        <line num="8" count="1" type="stmt"/>
        <line num="9" count="0" type="stmt"/>
        <line num="12" count="1" type="stmt"/>
        <line num="13" count="0" type="stmt"/>
        <line num="16" count="1" type="stmt"/>
      </file>
    </package>
  </project>
</coverage>
