{"D:\\Temp\\NamasteReact\\src\\components\\ContactUs.js": {"path":"D:\\Temp\\NamasteReact\\src\\components\\ContactUs.js","statementMap":{"0":{"start":{"line":3,"column":18},"end":{"line":19,"column":1}},"1":{"start":{"line":4,"column":2},"end":{"line":18,"column":3}}},"fnMap":{"0":{"name":"(anonymous_0)","decl":{"start":{"line":3,"column":18},"end":{"line":3,"column":19}},"loc":{"start":{"line":3,"column":24},"end":{"line":19,"column":1}},"line":3}},"branchMap":{},"s":{"0":1,"1":4},"f":{"0":4},"b":{},"_coverageSchema":"1a1c01bbd47fc00a2c39e90264f33305004495a9","hash":"43d1780d4de9a89f19f71407f8b0415b102e8366"}
,"D:\\Temp\\NamasteReact\\src\\components\\Header.js": {"path":"D:\\Temp\\NamasteReact\\src\\components\\Header.js","statementMap":{"0":{"start":{"line":7,"column":15},"end":{"line":48,"column":2}},"1":{"start":{"line":9,"column":32},"end":{"line":9,"column":49}},"2":{"start":{"line":11,"column":27},"end":{"line":11,"column":44}},"3":{"start":{"line":13,"column":15},"end":{"line":13,"column":53}},"4":{"start":{"line":13,"column":36},"end":{"line":13,"column":52}},"5":{"start":{"line":15,"column":4},"end":{"line":15,"column":21}},"6":{"start":{"line":17,"column":4},"end":{"line":19,"column":16}},"7":{"start":{"line":18,"column":8},"end":{"line":18,"column":36}},"8":{"start":{"line":20,"column":4},"end":{"line":47,"column":5}},"9":{"start":{"line":40,"column":59},"end":{"line":40,"column":122}}},"fnMap":{"0":{"name":"(anonymous_0)","decl":{"start":{"line":7,"column":15},"end":{"line":7,"column":16}},"loc":{"start":{"line":7,"column":20},"end":{"line":48,"column":2}},"line":7},"1":{"name":"(anonymous_1)","decl":{"start":{"line":13,"column":27},"end":{"line":13,"column":28}},"loc":{"start":{"line":13,"column":36},"end":{"line":13,"column":52}},"line":13},"2":{"name":"(anonymous_2)","decl":{"start":{"line":17,"column":14},"end":{"line":17,"column":15}},"loc":{"start":{"line":17,"column":18},"end":{"line":19,"column":5}},"line":17},"3":{"name":"(anonymous_3)","decl":{"start":{"line":40,"column":54},"end":{"line":40,"column":55}},"loc":{"start":{"line":40,"column":59},"end":{"line":40,"column":122}},"line":40}},"branchMap":{"0":{"loc":{"start":{"line":27,"column":57},"end":{"line":27,"column":80}},"type":"cond-expr","locations":[{"start":{"line":27,"column":71},"end":{"line":27,"column":74}},{"start":{"line":27,"column":76},"end":{"line":27,"column":80}}],"line":27},"1":{"loc":{"start":{"line":40,"column":59},"end":{"line":40,"column":122}},"type":"cond-expr","locations":[{"start":{"line":40,"column":81},"end":{"line":40,"column":101}},{"start":{"line":40,"column":103},"end":{"line":40,"column":122}}],"line":40}},"s":{"0":1,"1":1,"2":1,"3":1,"4":2,"5":1,"6":1,"7":1,"8":1,"9":0},"f":{"0":1,"1":2,"2":1,"3":0},"b":{"0":[1,0],"1":[0,0]},"_coverageSchema":"1a1c01bbd47fc00a2c39e90264f33305004495a9","hash":"c9a96af41006d1798f08a8a2857121bfa911fdc8"}
,"D:\\Temp\\NamasteReact\\src\\utils\\appStore.js": {"path":"D:\\Temp\\NamasteReact\\src\\utils\\appStore.js","statementMap":{"0":{"start":{"line":4,"column":15},"end":{"line":8,"column":2}}},"fnMap":{},"branchMap":{},"s":{"0":1},"f":{},"b":{},"_coverageSchema":"1a1c01bbd47fc00a2c39e90264f33305004495a9","hash":"97979905adc7b68284d769ea4c7f2a67464cadc6"}
,"D:\\Temp\\NamasteReact\\src\\utils\\cardSlice.js": {"path":"D:\\Temp\\NamasteReact\\src\\utils\\cardSlice.js","statementMap":{"0":{"start":{"line":4,"column":18},"end":{"line":22,"column":2}},"1":{"start":{"line":12,"column":12},"end":{"line":12,"column":45}},"2":{"start":{"line":15,"column":12},"end":{"line":15,"column":30}},"3":{"start":{"line":18,"column":12},"end":{"line":18,"column":33}},"4":{"start":{"line":24,"column":46},"end":{"line":24,"column":63}}},"fnMap":{"0":{"name":"(anonymous_0)","decl":{"start":{"line":11,"column":16},"end":{"line":11,"column":17}},"loc":{"start":{"line":11,"column":32},"end":{"line":13,"column":9}},"line":11},"1":{"name":"(anonymous_1)","decl":{"start":{"line":14,"column":19},"end":{"line":14,"column":20}},"loc":{"start":{"line":14,"column":35},"end":{"line":16,"column":9}},"line":14},"2":{"name":"(anonymous_2)","decl":{"start":{"line":17,"column":18},"end":{"line":17,"column":19}},"loc":{"start":{"line":17,"column":34},"end":{"line":19,"column":9}},"line":17}},"branchMap":{},"s":{"0":1,"1":0,"2":0,"3":0,"4":1},"f":{"0":0,"1":0,"2":0},"b":{},"_coverageSchema":"1a1c01bbd47fc00a2c39e90264f33305004495a9","hash":"d1bebff3f943264b41a9dbbf6aaaf48f037e228c"}
,"D:\\Temp\\NamasteReact\\src\\utils\\constants.js": {"path":"D:\\Temp\\NamasteReact\\src\\utils\\constants.js","statementMap":{"0":{"start":{"line":1,"column":22},"end":{"line":1172,"column":1}},"1":{"start":{"line":1174,"column":19},"end":{"line":1174,"column":111}},"2":{"start":{"line":1176,"column":22},"end":{"line":1176,"column":105}},"3":{"start":{"line":1178,"column":24},"end":{"line":1178,"column":158}},"4":{"start":{"line":1180,"column":24},"end":{"line":1180,"column":143}}},"fnMap":{},"branchMap":{},"s":{"0":1,"1":1,"2":1,"3":1,"4":1},"f":{},"b":{},"_coverageSchema":"1a1c01bbd47fc00a2c39e90264f33305004495a9","hash":"2d959ee416ece0a5a50c352fe73f1e036fb6a3da"}
,"D:\\Temp\\NamasteReact\\src\\utils\\useOnlineStatus.js": {"path":"D:\\Temp\\NamasteReact\\src\\utils\\useOnlineStatus.js","statementMap":{"0":{"start":{"line":3,"column":24},"end":{"line":17,"column":1}},"1":{"start":{"line":5,"column":41},"end":{"line":5,"column":55}},"2":{"start":{"line":7,"column":4},"end":{"line":15,"column":10}},"3":{"start":{"line":8,"column":8},"end":{"line":10,"column":10}},"4":{"start":{"line":9,"column":8},"end":{"line":9,"column":31}},"5":{"start":{"line":12,"column":8},"end":{"line":14,"column":14}},"6":{"start":{"line":13,"column":12},"end":{"line":13,"column":34}},"7":{"start":{"line":16,"column":4},"end":{"line":16,"column":26}}},"fnMap":{"0":{"name":"(anonymous_0)","decl":{"start":{"line":3,"column":24},"end":{"line":3,"column":25}},"loc":{"start":{"line":3,"column":29},"end":{"line":17,"column":1}},"line":3},"1":{"name":"(anonymous_1)","decl":{"start":{"line":7,"column":14},"end":{"line":7,"column":15}},"loc":{"start":{"line":7,"column":18},"end":{"line":15,"column":5}},"line":7},"2":{"name":"(anonymous_2)","decl":{"start":{"line":8,"column":42},"end":{"line":8,"column":43}},"loc":{"start":{"line":8,"column":46},"end":{"line":10,"column":9}},"line":8},"3":{"name":"(anonymous_3)","decl":{"start":{"line":12,"column":41},"end":{"line":12,"column":42}},"loc":{"start":{"line":12,"column":45},"end":{"line":14,"column":13}},"line":12}},"branchMap":{},"s":{"0":1,"1":1,"2":1,"3":1,"4":0,"5":1,"6":0,"7":1},"f":{"0":1,"1":1,"2":0,"3":0},"b":{},"_coverageSchema":"1a1c01bbd47fc00a2c39e90264f33305004495a9","hash":"ddc2d77063375e4e0a1ddd6a25fba9747aaa6974"}
}
